<?xml version="1.0" encoding="UTF-8"?>
<testsuite name="com.concurrent.programming.ArithmeticCalculationsTest" tests="4" skipped="0" failures="0" errors="0" timestamp="2019-02-07T02:26:33" hostname="DESKTOP-PLBO5CO" time="0.007">
  <properties/>
  <testcase name="vectorANDvector" classname="com.concurrent.programming.ArithmeticCalculationsTest" time="0.003"/>
  <testcase name="transposeMatrix" classname="com.concurrent.programming.ArithmeticCalculationsTest" time="0.0"/>
  <testcase name="dotProduct" classname="com.concurrent.programming.ArithmeticCalculationsTest" time="0.001"/>
  <testcase name="matrixByVector" classname="com.concurrent.programming.ArithmeticCalculationsTest" time="0.002"/>
  <system-out><![CDATA[]]></system-out>
  <system-err><![CDATA[]]></system-err>
</testsuite>
